<?xml version="1.0" encoding="UTF-8"?>
<!-- Generated by org.testng.reporters.JUnitReportReporter -->
<testsuite hostname="LONGTRAN2-ITC-COR" failures="0" tests="1" name="FirstAndroidTest" time="0.005" errors="0" timestamp="2022-06-08T10:39:14 ICT" skipped="0">
  <testcase classname="FirstAndroidTest" name="test" time="0.005"/>
  <system-out/>
</testsuite> <!-- FirstAndroidTest -->
